#
# A fatal error has been detected by the Java Runtime Environment:
#
#  EXCEPTION_UNCAUGHT_CXX_EXCEPTION (0xe06d7363) at pc=0x00007ffeeccfa388, pid=22172, tid=0x00000000000010f4
#
# JRE version: Java(TM) SE Runtime Environment (8.0_191-b12) (build 1.8.0_191-b12)
# Java VM: Java HotSpot(TM) 64-Bit Server VM (25.191-b12 mixed mode windows-amd64 compressed oops)
# Problematic frame:
# C  [KERNELBASE.dll+0x3a388]
#
# Failed to write core dump. Minidumps are not enabled by default on client versions of Windows
#
# If you would like to submit a bug report, please visit:
#   http://bugreport.java.com/bugreport/crash.jsp
#

---------------  T H R E A D  ---------------

Current thread (0x000000001cb2a000):  VMThread [stack: 0x000000001e830000,0x000000001e930000] [id=4340]

siginfo: ExceptionCode=0xe06d7363, ExceptionInformation=0x0000000019930520 0x000000001e92eef0 0x000000018005ebe8 0x0000000180000000 

Registers:
RAX=0x0000000000000000, RBX=0x000000018005ebe8, RCX=0x0000000000000021, RDX=0x0000000000000101
RSP=0x000000001e92ed80, RBP=0x000000001e92eec0, RSI=0x0000000000000001, RDI=0x000000001e92eef0
R8 =0x0000000000000000, R9 =0x0000000001139f30, R10=0x0000000000000048, R11=0x0000000001069d3c
R12=0x00000000010d7688, R13=0x00000000010d7640, R14=0x00000000010d7670, R15=0x0000000000000000
RIP=0x00007ffeeccfa388, EFLAGS=0x0000000000000202

Top of Stack: (sp=0x000000001e92ed80)
0x000000001e92ed80:   0000000000000000 000000018005ebe8
0x000000001e92ed90:   0000000000000001 000000001e92eef0
0x000000001e92eda0:   00000001e06d7363 0000000000000000
0x000000001e92edb0:   00007ffeeccfa388 0000000000000004
0x000000001e92edc0:   0000000019930520 000000001e92eef0
0x000000001e92edd0:   000000018005ebe8 0000000180000000
0x000000001e92ede0:   00000000010d7670 00000000010d7688
0x000000001e92edf0:   000000001e92eef0 0000000000000001
0x000000001e92ee00:   000000001e92eec0 00007ffeefff0f6f
0x000000001e92ee10:   000000001e92eed0 00007ffe00000000
0x000000001e92ee20:   0000000000000001 000000001c9b5400
0x000000001e92ee30:   0000000180074000 0000000180000000
0x000000001e92ee40:   0000503ef3136453 0000ddd89b373738
0x000000001e92ee50:   000000018005ebe8 00007ffed4b8eed3
0x000000001e92ee60:   00000000010d7640 00000000010d7688
0x000000001e92ee70:   000000001e92eed8 0000000000000001 

Instructions: (pc=0x00007ffeeccfa388)
0x00007ffeeccfa368:   49 8b d1 44 0f 47 c0 44 89 44 24 38 49 c1 e0 03
0x00007ffeeccfa378:   e8 4a 46 04 00 48 8d 4c 24 20 ff 15 d0 82 14 00
0x00007ffeeccfa388:   48 8b 8c 24 c0 00 00 00 48 33 cc e8 b8 05 04 00
0x00007ffeeccfa398:   48 81 c4 d8 00 00 00 c3 83 64 24 38 00 eb d6 cc 


Register to memory mapping:

RAX=0x0000000000000000 is an unknown value
RBX=0x000000018005ebe8 is an unknown value
RCX=0x0000000000000021 is an unknown value
RDX=0x0000000000000101 is an unknown value
RSP=0x000000001e92ed80 is an unknown value
RBP=0x000000001e92eec0 is an unknown value
RSI=0x0000000000000001 is an unknown value
RDI=0x000000001e92eef0 is an unknown value
R8 =0x0000000000000000 is an unknown value
R9 =0x0000000001139f30 is an unknown value
R10=0x0000000000000048 is an unknown value
R11=0x0000000001069d3c is an unknown value
R12=0x00000000010d7688 is an unknown value
R13=0x00000000010d7640 is an unknown value
R14=0x00000000010d7670 is an unknown value
R15=0x0000000000000000 is an unknown value


Stack: [0x000000001e830000,0x000000001e930000],  sp=0x000000001e92ed80,  free space=1019k
Native frames: (J=compiled Java code, j=interpreted, Vv=VM code, C=native code)
C  [KERNELBASE.dll+0x3a388]
C  [MSVCR120.dll+0x5eed3]
C  [pteidlibj.dll+0x377e4]
C  [pteidlibj.dll+0x21b14]
C  [pteidlibj.dll+0x21d96]
C  [ntdll.dll+0x3b583]
C  [ntdll.dll+0x47f85]
C  [ntdll.dll+0x47e48]
C  [KERNEL32.DLL+0x1b19a]
C  [msvcr100.dll+0x20ccd]
V  [jvm.dll+0x213e05]
V  [jvm.dll+0x24d0c7]
V  [jvm.dll+0x24c366]
V  [jvm.dll+0x24c801]
V  [jvm.dll+0x24ca1e]
V  [jvm.dll+0x29eb9a]
C  [msvcr100.dll+0x21d9f]
C  [msvcr100.dll+0x21e3b]
C  [KERNEL32.DLL+0x13034]
C  [ntdll.dll+0x73691]

VM_Operation (0x0000000002e7f0a0): Exit, mode: safepoint, requested by thread 0x0000000002f83800


---------------  P R O C E S S  ---------------

Java Threads: ( => current thread )
  0x000000001eb09000 JavaThread "Service Thread" daemon [_thread_blocked, id=25536, stack(0x000000001f720000,0x000000001f820000)]
  0x000000001ead0000 JavaThread "C1 CompilerThread3" daemon [_thread_blocked, id=23276, stack(0x000000001f620000,0x000000001f720000)]
  0x000000001eab5000 JavaThread "C2 CompilerThread2" daemon [_thread_blocked, id=24652, stack(0x000000001f520000,0x000000001f620000)]
  0x000000001ea6e000 JavaThread "C2 CompilerThread1" daemon [_thread_blocked, id=12064, stack(0x000000001f420000,0x000000001f520000)]
  0x000000001ea68000 JavaThread "C2 CompilerThread0" daemon [_thread_blocked, id=14820, stack(0x000000001f320000,0x000000001f420000)]
  0x000000001ea13000 JavaThread "Monitor Ctrl-Break" daemon [_thread_in_native, id=19676, stack(0x000000001f220000,0x000000001f320000)]
  0x000000001e962000 JavaThread "Attach Listener" daemon [_thread_blocked, id=16388, stack(0x000000001f120000,0x000000001f220000)]
  0x000000001e960800 JavaThread "Signal Dispatcher" daemon [_thread_blocked, id=11032, stack(0x000000001f020000,0x000000001f120000)]
  0x000000001cb2e000 JavaThread "Finalizer" daemon [_thread_blocked, id=8592, stack(0x000000001ee30000,0x000000001ef30000)]
  0x000000001e950800 JavaThread "Reference Handler" daemon [_thread_blocked, id=13328, stack(0x000000001ed30000,0x000000001ee30000)]
  0x0000000002f83800 JavaThread "main" [_thread_blocked, id=5680, stack(0x0000000002d80000,0x0000000002e80000)]

Other Threads:
=>0x000000001cb2a000 VMThread [stack: 0x000000001e830000,0x000000001e930000] [id=4340]

VM state:at safepoint (shutting down)

VM Mutex/Monitor currently owned by a thread:  ([mutex/lock_event])
[0x0000000002f800d0] Threads_lock - owner thread: 0x000000001cb2a000

Heap:
 PSYoungGen      total 76288K, used 11866K [0x000000076b180000, 0x0000000770680000, 0x00000007c0000000)
  eden space 65536K, 18% used [0x000000076b180000,0x000000076bd16bb0,0x000000076f180000)
  from space 10752K, 0% used [0x000000076fc00000,0x000000076fc00000,0x0000000770680000)
  to   space 10752K, 0% used [0x000000076f180000,0x000000076f180000,0x000000076fc00000)
 ParOldGen       total 175104K, used 0K [0x00000006c1400000, 0x00000006cbf00000, 0x000000076b180000)
  object space 175104K, 0% used [0x00000006c1400000,0x00000006c1400000,0x00000006cbf00000)
 Metaspace       used 6404K, capacity 6512K, committed 6656K, reserved 1056768K
  class space    used 704K, capacity 762K, committed 768K, reserved 1048576K

Card table byte_map: [0x0000000012440000,0x0000000012c40000] byte_map_base: 0x000000000ee36000

Marking Bits: (ParMarkBitMap*) 0x00000000590e3e30
 Begin Bits: [0x0000000013990000, 0x0000000017940000)
 End Bits:   [0x0000000017940000, 0x000000001b8f0000)

Polling page: 0x0000000002c70000

CodeCache: size=245760Kb used=2079Kb max_used=2097Kb free=243680Kb
 bounds [0x0000000003080000, 0x00000000032f0000, 0x0000000012080000]
 total_blobs=716 nmethods=382 adapters=247
 compilation: enabled

Compilation events (10 events):
Event: 3.168 Thread 0x000000001ea6e000  379       4       java.io.DataInputStream::readInt (72 bytes)
Event: 3.169 Thread 0x000000001ead0000  380       3       java.util.StringTokenizer::scanToken (179 bytes)
Event: 3.170 Thread 0x000000001ead0000 nmethod 380 0x0000000003281e90 code [0x0000000003282100, 0x0000000003283418]
Event: 3.170 Thread 0x000000001ead0000  381       3       java.util.StringTokenizer::skipDelimiters (116 bytes)
Event: 3.171 Thread 0x000000001ead0000 nmethod 381 0x0000000003283b90 code [0x0000000003283da0, 0x0000000003284958]
Event: 3.171 Thread 0x000000001ead0000  382       3       java.util.StringTokenizer::nextToken (92 bytes)
Event: 3.171 Thread 0x000000001ead0000 nmethod 382 0x0000000003284e10 code [0x0000000003284fc0, 0x00000000032853b8]
Event: 3.180 Thread 0x000000001ead0000  383       3       java.util.regex.Pattern::has (15 bytes)
Event: 3.180 Thread 0x000000001ead0000 nmethod 383 0x0000000003285f90 code [0x00000000032860e0, 0x0000000003286290]
Event: 3.189 Thread 0x000000001ea6e000 nmethod 379 0x000000000328ab50 code [0x000000000328ad20, 0x000000000328c930]

GC Heap History (0 events):
No events

Deoptimization events (5 events):
Event: 3.098 Thread 0x0000000002f83800 Uncommon trap: reason=unstable_if action=reinterpret pc=0x00000000032079c4 method=sun.nio.cs.UTF_8$Decoder.decode([BII[C)I @ 30
Event: 3.167 Thread 0x0000000002f83800 Uncommon trap: reason=class_check action=maybe_recompile pc=0x000000000326c608 method=java.io.DataInputStream.readInt()I @ 4
Event: 3.168 Thread 0x0000000002f83800 Uncommon trap: reason=class_check action=maybe_recompile pc=0x000000000326c608 method=java.io.DataInputStream.readInt()I @ 4
Event: 3.168 Thread 0x0000000002f83800 Uncommon trap: reason=class_check action=maybe_recompile pc=0x000000000326c608 method=java.io.DataInputStream.readInt()I @ 4
Event: 3.168 Thread 0x0000000002f83800 Uncommon trap: reason=class_check action=maybe_recompile pc=0x000000000326c608 method=java.io.DataInputStream.readInt()I @ 4

Classes redefined (0 events):
No events

Internal exceptions (6 events):
Event: 0.094 Thread 0x0000000002f83800 Exception <a 'java/lang/NoSuchMethodError': Method sun.misc.Unsafe.defineClass(Ljava/lang/String;[BII)Ljava/lang/Class; name or signature does not match> (0x000000076b187cb0) thrown at [C:\re\workspace\8-2-build-windows-amd64-cygwin\jdk8u191\11896\hotspot
Event: 0.094 Thread 0x0000000002f83800 Exception <a 'java/lang/NoSuchMethodError': Method sun.misc.Unsafe.prefetchRead(Ljava/lang/Object;J)V name or signature does not match> (0x000000076b187f98) thrown at [C:\re\workspace\8-2-build-windows-amd64-cygwin\jdk8u191\11896\hotspot\src\share\vm\prim
Event: 3.146 Thread 0x0000000002f83800 Exception <a 'java/security/PrivilegedActionException'> (0x000000076bc56350) thrown at [C:\re\workspace\8-2-build-windows-amd64-cygwin\jdk8u191\11896\hotspot\src\share\vm\prims\jvm.cpp, line 1435]
Event: 3.146 Thread 0x0000000002f83800 Exception <a 'java/security/PrivilegedActionException'> (0x000000076bc56748) thrown at [C:\re\workspace\8-2-build-windows-amd64-cygwin\jdk8u191\11896\hotspot\src\share\vm\prims\jvm.cpp, line 1435]
Event: 3.147 Thread 0x0000000002f83800 Exception <a 'java/security/PrivilegedActionException'> (0x000000076bc5a840) thrown at [C:\re\workspace\8-2-build-windows-amd64-cygwin\jdk8u191\11896\hotspot\src\share\vm\prims\jvm.cpp, line 1435]
Event: 3.147 Thread 0x0000000002f83800 Exception <a 'java/security/PrivilegedActionException'> (0x000000076bc5ac38) thrown at [C:\re\workspace\8-2-build-windows-amd64-cygwin\jdk8u191\11896\hotspot\src\share\vm\prims\jvm.cpp, line 1435]

Events (10 events):
Event: 3.180 loading class java/util/regex/Pattern$5 done
Event: 3.180 loading class java/util/regex/Pattern$Dollar
Event: 3.180 loading class java/util/regex/Pattern$Dollar done
Event: 4.365 Executing VM operation: EnableBiasedLocking
Event: 4.366 Executing VM operation: EnableBiasedLocking done
Event: 5.580 loading class java/lang/Shutdown
Event: 5.580 loading class java/lang/Shutdown done
Event: 5.580 loading class java/lang/Shutdown$Lock
Event: 5.580 loading class java/lang/Shutdown$Lock done
Event: 5.581 Executing VM operation: Exit


Dynamic libraries:
0x00007ff774530000 - 0x00007ff774567000 	C:\Program Files\Java\jdk1.8.0_191\bin\java.exe
0x00007ffeeffe0000 - 0x00007ffef01c1000 	C:\WINDOWS\SYSTEM32\ntdll.dll
0x00007ffeedd40000 - 0x00007ffeeddf2000 	C:\WINDOWS\System32\KERNEL32.DLL
0x00007ffeeccc0000 - 0x00007ffeecf33000 	C:\WINDOWS\System32\KERNELBASE.dll
0x00007ffeedc10000 - 0x00007ffeedcb1000 	C:\WINDOWS\System32\ADVAPI32.dll
0x00007ffeefde0000 - 0x00007ffeefe7e000 	C:\WINDOWS\System32\msvcrt.dll
0x00007ffeef810000 - 0x00007ffeef86b000 	C:\WINDOWS\System32\sechost.dll
0x00007ffeefe80000 - 0x00007ffeeffa4000 	C:\WINDOWS\System32\RPCRT4.dll
0x00007ffeefc50000 - 0x00007ffeefde0000 	C:\WINDOWS\System32\USER32.dll
0x00007ffeec3b0000 - 0x00007ffeec3d0000 	C:\WINDOWS\System32\win32u.dll
0x00007ffeeded0000 - 0x00007ffeedef8000 	C:\WINDOWS\System32\GDI32.dll
0x00007ffeed1d0000 - 0x00007ffeed362000 	C:\WINDOWS\System32\gdi32full.dll
0x00007ffeecf40000 - 0x00007ffeecfdf000 	C:\WINDOWS\System32\msvcp_win.dll
0x00007ffeecae0000 - 0x00007ffeecbda000 	C:\WINDOWS\System32\ucrtbase.dll
0x00007ffed4450000 - 0x00007ffed46b9000 	C:\WINDOWS\WinSxS\amd64_microsoft.windows.common-controls_6595b64144ccf1df_6.0.17134.471_none_fb3e9aab3068fc16\COMCTL32.dll
0x00007ffeef870000 - 0x00007ffeefb92000 	C:\WINDOWS\System32\combase.dll
0x00007ffeecbe0000 - 0x00007ffeecc5a000 	C:\WINDOWS\System32\bcryptPrimitives.dll
0x00007ffeed610000 - 0x00007ffeed63d000 	C:\WINDOWS\System32\IMM32.DLL
0x0000000059170000 - 0x0000000059242000 	C:\Program Files\Java\jdk1.8.0_191\jre\bin\msvcr100.dll
0x00000000588c0000 - 0x0000000059164000 	C:\Program Files\Java\jdk1.8.0_191\jre\bin\server\jvm.dll
0x00007ffeed900000 - 0x00007ffeed908000 	C:\WINDOWS\System32\PSAPI.DLL
0x00007ffee9bc0000 - 0x00007ffee9be3000 	C:\WINDOWS\SYSTEM32\WINMM.dll
0x00007ffece8c0000 - 0x00007ffece8c9000 	C:\WINDOWS\SYSTEM32\WSOCK32.dll
0x00007ffeedf00000 - 0x00007ffeedf6c000 	C:\WINDOWS\System32\WS2_32.dll
0x00007ffee99f0000 - 0x00007ffee9a1a000 	C:\WINDOWS\SYSTEM32\WINMMBASE.dll
0x00007ffeed420000 - 0x00007ffeed469000 	C:\WINDOWS\System32\cfgmgr32.dll
0x00007ffeeacd0000 - 0x00007ffeeacda000 	C:\WINDOWS\SYSTEM32\VERSION.dll
0x00000000588b0000 - 0x00000000588bf000 	C:\Program Files\Java\jdk1.8.0_191\jre\bin\verify.dll
0x0000000058880000 - 0x00000000588a9000 	C:\Program Files\Java\jdk1.8.0_191\jre\bin\java.dll
0x00000000587f0000 - 0x0000000058813000 	C:\Program Files\Java\jdk1.8.0_191\jre\bin\instrument.dll
0x0000000058860000 - 0x0000000058876000 	C:\Program Files\Java\jdk1.8.0_191\jre\bin\zip.dll
0x00007ffeee3d0000 - 0x00007ffeef810000 	C:\WINDOWS\System32\SHELL32.dll
0x00007ffeefba0000 - 0x00007ffeefc49000 	C:\WINDOWS\System32\shcore.dll
0x00007ffeec3d0000 - 0x00007ffeecadd000 	C:\WINDOWS\System32\windows.storage.dll
0x00007ffeedbb0000 - 0x00007ffeedc01000 	C:\WINDOWS\System32\shlwapi.dll
0x00007ffeec320000 - 0x00007ffeec331000 	C:\WINDOWS\System32\kernel.appcore.dll
0x00007ffeec390000 - 0x00007ffeec3af000 	C:\WINDOWS\System32\profapi.dll
0x00007ffeec340000 - 0x00007ffeec38c000 	C:\WINDOWS\System32\powrprof.dll
0x00007ffeec2f0000 - 0x00007ffeec2fa000 	C:\WINDOWS\System32\FLTLIB.DLL
0x00007ffee8a50000 - 0x00007ffee8a6a000 	C:\Program Files\JetBrains\IntelliJ IDEA 2018.2.3\bin\breakgen64.dll
0x0000000058840000 - 0x000000005885a000 	C:\Program Files\Java\jdk1.8.0_191\jre\bin\net.dll
0x00007ffeebb70000 - 0x00007ffeebbd6000 	C:\WINDOWS\system32\mswsock.dll
0x0000000180000000 - 0x000000018007c000 	C:\Windows\System32\pteidlibj.dll
0x00007ffed4b30000 - 0x00007ffed4c1f000 	C:\WINDOWS\SYSTEM32\MSVCR120.dll
0x00007ffeae900000 - 0x00007ffeae9a6000 	C:\WINDOWS\SYSTEM32\MSVCP120.dll
0x000000001f920000 - 0x000000001f9a6000 	C:\WINDOWS\SYSTEM32\pteidapplayer.dll
0x00007ffeecfe0000 - 0x00007ffeed1c2000 	C:\WINDOWS\System32\CRYPT32.dll
0x00007ffeec300000 - 0x00007ffeec312000 	C:\WINDOWS\System32\MSASN1.dll
0x00007ffecb8f0000 - 0x00007ffecb94a000 	C:\WINDOWS\SYSTEM32\SSLEAY32.dll
0x00007ffea6270000 - 0x00007ffea6475000 	C:\WINDOWS\SYSTEM32\LIBEAY32.dll
0x00007ffecb610000 - 0x00007ffecb65f000 	C:\WINDOWS\SYSTEM32\libcurl.dll
0x000000001f9c0000 - 0x000000001f9e3000 	C:\WINDOWS\SYSTEM32\pteidcommon.dll
0x00007ffeed640000 - 0x00007ffeed69f000 	C:\WINDOWS\System32\WLDAP32.dll
0x000000001f9f0000 - 0x000000001fb03000 	C:\WINDOWS\SYSTEM32\FreeImage.dll
0x000000001fda0000 - 0x0000000020001000 	C:\WINDOWS\SYSTEM32\xerces-c_3_1.dll
0x000000001fb10000 - 0x000000001fbf0000 	C:\WINDOWS\SYSTEM32\pteid-poppler.dll
0x000000001fc10000 - 0x000000001fc46000 	C:\WINDOWS\SYSTEM32\pteidcardlayer.dll
0x000000001fc70000 - 0x000000001fd5a000 	C:\WINDOWS\SYSTEM32\xsec_1_7.dll
0x00007ffee6d00000 - 0x00007ffee6d41000 	C:\WINDOWS\SYSTEM32\WinSCard.dll
0x00007ffeec100000 - 0x00007ffeec127000 	C:\WINDOWS\SYSTEM32\DEVOBJ.dll
0x0000000020010000 - 0x0000000020041000 	C:\WINDOWS\SYSTEM32\pteidDlgsWin32.dll
0x00007ffeeb440000 - 0x00007ffeeb496000 	C:\WINDOWS\SYSTEM32\WINSTA.dll
0x00000000587c0000 - 0x00000000587e4000 	C:\Program Files\Java\jdk1.8.0_191\jre\bin\sunec.dll
0x00000000587b0000 - 0x00000000587bb000 	C:\Program Files\Java\jdk1.8.0_191\jre\bin\sunmscapi.dll
0x0000000058790000 - 0x00000000587a2000 	C:\Program Files\Java\jdk1.8.0_191\jre\bin\j2pkcs11.dll
0x0000000020b90000 - 0x0000000020baf000 	C:\Windows\system32\pteidpkcs11.dll
0x00007ffece6e0000 - 0x00007ffece8a9000 	C:\WINDOWS\SYSTEM32\dbghelp.dll

VM Arguments:
jvm_args: -javaagent:C:\Program Files\JetBrains\IntelliJ IDEA 2018.2.3\lib\idea_rt.jar=62696:C:\Program Files\JetBrains\IntelliJ IDEA 2018.2.3\bin -Dfile.encoding=UTF-8 
java_command: app.App
java_class_path (initial): C:\Program Files\Java\jdk1.8.0_191\jre\lib\charsets.jar;C:\Program Files\Java\jdk1.8.0_191\jre\lib\deploy.jar;C:\Program Files\Java\jdk1.8.0_191\jre\lib\ext\access-bridge-64.jar;C:\Program Files\Java\jdk1.8.0_191\jre\lib\ext\cldrdata.jar;C:\Program Files\Java\jdk1.8.0_191\jre\lib\ext\dnsns.jar;C:\Program Files\Java\jdk1.8.0_191\jre\lib\ext\jaccess.jar;C:\Program Files\Java\jdk1.8.0_191\jre\lib\ext\jfxrt.jar;C:\Program Files\Java\jdk1.8.0_191\jre\lib\ext\localedata.jar;C:\Program Files\Java\jdk1.8.0_191\jre\lib\ext\nashorn.jar;C:\Program Files\Java\jdk1.8.0_191\jre\lib\ext\sunec.jar;C:\Program Files\Java\jdk1.8.0_191\jre\lib\ext\sunjce_provider.jar;C:\Program Files\Java\jdk1.8.0_191\jre\lib\ext\sunmscapi.jar;C:\Program Files\Java\jdk1.8.0_191\jre\lib\ext\sunpkcs11.jar;C:\Program Files\Java\jdk1.8.0_191\jre\lib\ext\zipfs.jar;C:\Program Files\Java\jdk1.8.0_191\jre\lib\javaws.jar;C:\Program Files\Java\jdk1.8.0_191\jre\lib\jce.jar;C:\Program Files\Java\jdk1.8.0_191\jre\lib\jfr.jar;C:\Program Files\Java\jdk1.8.0_191\jre\lib\jfxswt.jar;C:\Program Files\Java\jdk1.8.0_191\jre\lib\jsse.jar;C:\Program Files\Java\jdk1.8.0_191\jre\lib\management-agent.jar;C:\Program Files\Java\jdk1.8.0_191\jre\lib\plugin.jar;C:\Program Files\Java\jdk1.8.0_191\jre\lib\resources.jar;C:\Program Files\Java\jdk1.8.0_191\jre\lib\rt.jar;D:\Trabalho\SI\Cliente\out\production\Project;C:\Program Files\Portugal Identity Card\sdk\Java\pteidlibj.jar;C:\Users\Joao\.m2\repository\org\jhardware\jHardware\0.8.6\jHardware-0.8.6.jar;C:\Users\Joao\.m2\repository\com\profesorfalken\WMI4Java\1.6.2\WMI4Java-1.6.2.jar;C:\Users\Joao\.m2\repository\com\profesorfalken\jPowerShell\2.0\jPowerShell-2.0.jar;C:\Users\Joao\.m2\repository\com\profesorfalken\jSensors\2.1\jSensors-2.1.jar;C:\Users\Joao\.m2\repository\net\java\dev\jna\jna\4.5.1\jna-4.5.1.jar;C:\Users\Joao\.m2\repository\org\slf4j\slf4j-simple\1.7.25\slf4j-simple-1.7.25.jar;C:\Users\Joao\.m2\repository\org\slf4j\slf4j-api\1.7.25\slf4j-ap
Launcher Type: SUN_STANDARD

Environment Variables:
CLASSPATH=C:\Program Files\Portugal Identity Card
PATH=C:\ProgramData\DockerDesktop\version-bin;C:\Program Files\Docker\Docker\Resources\bin;C:\Python27\;C:\Python27\Scripts;C:\Program Files (x86)\Common Files\Oracle\Java\javapath;C:\ProgramData\Oracle\Java\javapath;C:\Windows\system32;C:\Windows;C:\Windows\System32\Wbem;C:\Windows\System32\WindowsPowerShell\v1.0\;C:\Program Files\PuTTY\;C:\Program Files\Git\cmd;C:\Program Files\Intel\WiFi\bin\;C:\Program Files\Common Files\Intel\WirelessCommon\;C:\WINDOWS\system32;C:\WINDOWS;C:\WINDOWS\System32\Wbem;C:\WINDOWS\System32\WindowsPowerShell\v1.0\;C:\Program Files (x86)\WinSCP\;C:\WINDOWS\System32\OpenSSH\;C:\Program Files\Microsoft VS Code\bin;C:\Program Files\Java\jdk1.8.0_181\bin;C:\wamp64\bin\php\php7.1.9;C:\composer;C:\Program Files\nodejs\;C:\Users\Joao\AppData\Local\GitHubDesktop\bin;C:\Users\Joao\AppData\Local\Microsoft\WindowsApps;C:\Users\Joao\AppData\Roaming\Composer\vendor\bin;C:\Users\Joao\AppData\Roaming\npm;C;C:\Program Files (x86)\NVIDIA Corporation\PhysX\Common;C:\Program Files\NVIDIA Corporation\NVIDIA NvDLISR;C:\Program Files\Portugal Identity Card;C:\Program Files\Microsoft VS Code\bin;C:\Users\Joao\AppData\Local\GitHubDesktop\bin;C:\Program Files\Intel\WiFi\bin\;C:\Program Files\Common Files\Intel\WirelessCommon\;C:\Users\Joao\AppData\Local\Microsoft\WindowsApps;C:\Users\Joao\AppData\Roaming\Composer\vendor\bin;C:\Users\Joao\AppData\Roaming\npm
USERNAME=Joao
OS=Windows_NT
PROCESSOR_IDENTIFIER=Intel64 Family 6 Model 158 Stepping 9, GenuineIntel



---------------  S Y S T E M  ---------------

OS: Windows 10.0 , 64 bit Build 17134 (10.0.17134.1)

CPU:total 8 (initial active 8) (4 cores per cpu, 2 threads per core) family 6 model 158 stepping 9, cmov, cx8, fxsr, mmx, sse, sse2, sse3, ssse3, sse4.1, sse4.2, popcnt, avx, avx2, aes, clmul, erms, 3dnowpref, lzcnt, ht, tsc, tscinvbit, bmi1, bmi2, adx

Memory: 4k page, physical 16692792k(6786552k free), swap 23076472k(6559644k free)

vm_info: Java HotSpot(TM) 64-Bit Server VM (25.191-b12) for windows-amd64 JRE (1.8.0_191-b12), built on Oct  6 2018 09:29:03 by "java_re" with MS VC++ 10.0 (VS2010)

time: Sat Dec 22 01:32:44 2018
elapsed time: 5 seconds (0d 0h 0m 5s)

